Process:               System Preferences [99159]
Path:                  /Applications/System Preferences.app/Contents/MacOS/System Preferences
Identifier:            com.apple.systempreferences
Version:               14.0 (14.0)
Build Info:            SystemPrefsApp-360000000000000~4
Code Type:             X86-64 (Native)
Parent Process:        ??? [1]
Responsible:           System Preferences [99159]
User ID:               501

Date/Time:             2018-06-25 12:19:31.114 -0700
OS Version:            Mac OS X 10.13.4 (17E199)
Report Version:        12
Anonymous UUID:        [REDACTED]

Sleep/Wake UUID:       [REDACTED]

Time Awake Since Boot: 470000 seconds
Time Since Wake:       1000 seconds

System Integrity Protection: enabled

Crashed Thread:        2

Exception Type:        EXC_BAD_ACCESS (SIGSEGV)
Exception Codes:       KERN_INVALID_ADDRESS at 0x00003ffd37b2bec0
Exception Note:        EXC_CORPSE_NOTIFY

Termination Signal:    Segmentation fault: 11
Termination Reason:    Namespace SIGNAL, Code 0xb
Terminating Process:   exc handler [0]

VM Regions Near 0x3ffd37b2bec0:
    Image IO               0000000119f2b000-000000011ace7000 [ 13.7M] rw-/rwx SM=PRV  
--> 
    MALLOC_NANO            0000600000000000-0000600001800000 [ 24.0M] rw-/rwx SM=PRV  

Application Specific Information:
objc_msgSend() selector name: floatValue
com.apple.preference.displays v.4.0 (Displays)

Thread 0:: Dispatch queue: com.apple.main-thread
0   libsystem_kernel.dylib        	0x00007fff5d9ba20a mach_msg_trap + 10
1   libsystem_kernel.dylib        	0x00007fff5d9b9724 mach_msg + 60
2   com.apple.CoreFoundation      	0x00007fff3555e7d5 __CFRunLoopServiceMachPort + 341
3   com.apple.CoreFoundation      	0x00007fff3555db27 __CFRunLoopRun + 1783
4   com.apple.CoreFoundation      	0x00007fff3555d1a3 CFRunLoopRunSpecific + 483
5   com.apple.HIToolbox           	0x00007fff34845d96 RunCurrentEventLoopInMode + 286
6   com.apple.HIToolbox           	0x00007fff34845b06 ReceiveNextEventCommon + 613
7   com.apple.HIToolbox           	0x00007fff34845884 _BlockUntilNextEventMatchingListInModeWithFilter + 64
8   com.apple.AppKit              	0x00007fff32af8a73 _DPSNextEvent + 2085
9   com.apple.AppKit              	0x00007fff3328ee34 -[NSApplication(NSEvent) _nextEventMatchingEventMask:untilDate:inMode:dequeue:] + 3044
10  com.apple.AppKit              	0x00007fff32aed885 -[NSApplication run] + 764
11  com.apple.AppKit              	0x00007fff32abca72 NSApplicationMain + 804
12  libdyld.dylib                 	0x00007fff5d873015 start + 1

Thread 1:: com.apple.NSEventThread
0   libsystem_kernel.dylib        	0x00007fff5d9ba20a mach_msg_trap + 10
1   libsystem_kernel.dylib        	0x00007fff5d9b9724 mach_msg + 60
2   com.apple.CoreFoundation      	0x00007fff3555e7d5 __CFRunLoopServiceMachPort + 341
3   com.apple.CoreFoundation      	0x00007fff3555db27 __CFRunLoopRun + 1783
4   com.apple.CoreFoundation      	0x00007fff3555d1a3 CFRunLoopRunSpecific + 483
5   com.apple.AppKit              	0x00007fff32c35fc4 _NSEventThread + 184
6   libsystem_pthread.dylib       	0x00007fff5db8b661 _pthread_body + 340
7   libsystem_pthread.dylib       	0x00007fff5db8b50d _pthread_start + 377
8   libsystem_pthread.dylib       	0x00007fff5db8abf9 thread_start + 13

Thread 2 Crashed:
0   libobjc.A.dylib               	0x00007fff5cc4be9d objc_msgSend + 29
1   com.apple.MonitorPanel.Brightness	0x000000010f189b79 -[BrightnessPanel updatePanel] + 105
2   com.apple.DisplayServicesFW   	0x00007fff4a2e6b8c __getDSClient_block_invoke.190 + 159
3   com.apple.CoreFoundation      	0x00007fff355ddce1 -[__NSSetI enumerateObjectsWithOptions:usingBlock:] + 161
4   com.apple.DisplayServicesFW   	0x00007fff4a2e67ff __getDSClient_block_invoke + 292
5   com.apple.corebrightness      	0x00007fff48354cda __29-[DisplayServicesClient init]_block_invoke + 322
6   com.apple.corebrightness      	0x00007fff483545dc __65-[BrightnessSystemClientExportedObj notifyChangedProperty:value:]_block_invoke + 56
7   libdispatch.dylib             	0x00007fff5d84164a _dispatch_call_block_and_release + 12
8   libdispatch.dylib             	0x00007fff5d839e08 _dispatch_client_callout + 8
9   libdispatch.dylib             	0x00007fff5d84e267 _dispatch_queue_serial_drain + 635
10  libdispatch.dylib             	0x00007fff5d8411b6 _dispatch_queue_invoke + 373
11  libdispatch.dylib             	0x00007fff5d84ef5d _dispatch_root_queue_drain_deferred_wlh + 332
12  libdispatch.dylib             	0x00007fff5d852d71 _dispatch_workloop_worker_thread + 880
13  libsystem_pthread.dylib       	0x00007fff5db8afd2 _pthread_wqthread + 980
14  libsystem_pthread.dylib       	0x00007fff5db8abe9 start_wqthread + 13

Thread 3:: Dispatch queue: NSCGSDisableUpdates
0   libsystem_kernel.dylib        	0x00007fff5d9ba20a mach_msg_trap + 10
1   libsystem_kernel.dylib        	0x00007fff5d9b9724 mach_msg + 60
2   com.apple.SkyLight            	0x00007fff5771d9f5 CGSUpdateManager::enable_updates_common() + 565
3   com.apple.SkyLight            	0x00007fff576c1b28 CGSUpdateManager::enable_update(unsigned long long) + 320
4   libdispatch.dylib             	0x00007fff5d84164a _dispatch_call_block_and_release + 12
5   libdispatch.dylib             	0x00007fff5d839e08 _dispatch_client_callout + 8
6   libdispatch.dylib             	0x00007fff5d84e267 _dispatch_queue_serial_drain + 635
7   libdispatch.dylib             	0x00007fff5d8411b6 _dispatch_queue_invoke + 373
8   libdispatch.dylib             	0x00007fff5d84ef5d _dispatch_root_queue_drain_deferred_wlh + 332
9   libdispatch.dylib             	0x00007fff5d852d71 _dispatch_workloop_worker_thread + 880
10  libsystem_pthread.dylib       	0x00007fff5db8afd2 _pthread_wqthread + 980
11  libsystem_pthread.dylib       	0x00007fff5db8abe9 start_wqthread + 13

Thread 4:
0   libsystem_pthread.dylib       	0x00007fff5db8abdc start_wqthread + 0
1   ???                           	0x4e7900110065646f 0 + 5654550880161457263

Thread 5:
0   libsystem_kernel.dylib        	0x00007fff5d9c4292 __workq_kernreturn + 10
1   libsystem_pthread.dylib       	0x00007fff5db8b009 _pthread_wqthread + 1035
2   libsystem_pthread.dylib       	0x00007fff5db8abe9 start_wqthread + 13

Thread 6:
0   libsystem_kernel.dylib        	0x00007fff5d9c4292 __workq_kernreturn + 10
1   libsystem_pthread.dylib       	0x00007fff5db8b009 _pthread_wqthread + 1035
2   libsystem_pthread.dylib       	0x00007fff5db8abe9 start_wqthread + 13

Thread 7:
0   libsystem_kernel.dylib        	0x00007fff5d9c4292 __workq_kernreturn + 10
1   libsystem_pthread.dylib       	0x00007fff5db8b009 _pthread_wqthread + 1035
2   libsystem_pthread.dylib       	0x00007fff5db8abe9 start_wqthread + 13

Thread 2 crashed with X86 Thread State (64-bit):
  rax: 0x0000000000000028  rbx: 0x0000000000000008  rcx: 0x00000000000ce13c  rdx: 0x00000000000ce13b
  rdi: 0x00006040003a6820  rsi: 0x00007fff337967ed  rbp: 0x000070000ca185b0  rsp: 0x000070000ca18578
   r8: 0x00007fff8f7728a0   r9: 0x00007fff3576a0d0  r10: 0x00003ffd37b2bea8  r11: 0x00007fff337967ed
  r12: 0x000000010f18a2c2  r13: 0x00007fff5cc4be80  r14: 0x000060400011e720  r15: 0x00006040000305c0
  rip: 0x00007fff5cc4be9d  rfl: 0x0000000000010202  cr2: 0x00003ffd37b2bec0
  
Logical CPU:     0
Error Code:      0x00000004
Trap Number:     14


Binary Images:
       0x10a594000 -        0x10a5c2ff7  com.apple.systempreferences (14.0 - 14.0) <D44411C0-3676-3EBE-BC29-4AEDA77CF296> /Applications/System Preferences.app/Contents/MacOS/System Preferences
       0x10f188000 -        0x10f18aff3  com.apple.MonitorPanel.Brightness (3.3 - 362) <2377F8C3-62BE-322F-9BF0-31C9C69CC017> /System/Library/MonitorPanels/AppleDisplay.monitorPanels/Contents/Resources/Brightness.monitorPanel/Contents/MacOS/Brightness
       0x10f194000 -        0x10f1de9df  dyld (551.3) <AFAB4EFA-7020-34B1-BBEF-0F26C6D3CA36> /usr/lib/dyld
       0x110697000 -        0x1106a1fff  com.apple.preference.displays (4.0 - 4.0) <16B6D141-B449-3177-AC93-000DD19D9286> /System/Library/PreferencePanes/Displays.prefPane/Contents/MacOS/Displays
       0x1106fa000 -        0x110709ffb  com.apple.monitorPanels.Display (5.0 - 5.0) <F526C027-F39C-3F12-941A-C18DD44B2558> /System/Library/MonitorPanels/Display.monitorPanel/Contents/MacOS/Display
       0x110715000 -        0x110716ffb  AppleDisplayPanelsCommon.dylib (363) <98B9D9A0-AA94-3B0A-85EC-4E576D5F153B> /System/Library/MonitorPanels/AppleDisplay.monitorPanels/Contents/Resources/AppleDisplayPanelsCommon.dylib
       0x11071c000 -        0x11071dfff  com.apple.MonitorPanel.PowerMode (3.3 - 362) <9AD53CC0-CDC3-3768-B6D0-C05D786102A5> /System/Library/MonitorPanels/AppleDisplay.monitorPanels/Contents/Resources/PowerMode.monitorPanel/Contents/MacOS/PowerMode
       0x112b64000 -        0x112b69ffb  com.apple.monitorPanels.Arrange (5.0 - 5.0) <F8864514-3477-3197-840D-16B4D67E9B86> /System/Library/MonitorPanels/Arrange.monitorPanel/Contents/MacOS/Arrange
       0x112b70000 -        0x112b75fff  com.apple.monitorPanels.Profile (5.0 - 5.0) <2701F27A-C414-396C-AAD4-3CB97264B359> /System/Library/MonitorPanels/Profile.monitorPanel/Contents/MacOS/Profile
       0x112b7e000 -        0x112b7ffff  com.apple.MonitorPanel.ExtendedTouchSwitch (3.3 - 362) <CE71CC56-CEA5-3EFD-9585-00998F2B57FA> /System/Library/MonitorPanels/AppleDisplay.monitorPanels/Contents/Resources/ExtendedTouchSwitch.monitorPanel/Contents/MacOS/ExtendedTouchSwitch
       0x112b85000 -        0x112b86fff  com.apple.MonitorPanel.Authorization (3.3 - 362) <1F7D8273-2631-31A2-B698-81B54455B69B> /System/Library/MonitorPanels/AppleDisplay.monitorPanels/Contents/Resources/Authorization.monitorPanel/Contents/MacOS/Authorization
       0x112b8b000 -        0x112b8eff7  com.apple.monitorPanels.NightShift (1.0 - 1.0) <6725EC7E-9242-3688-9E8A-BAF97CFD9B70> /System/Library/MonitorPanels/NightShift.monitorPanel/Contents/MacOS/NightShift
    0x7fff2da91000 -     0x7fff2dddffff  com.apple.RawCamera.bundle (8.03.0 - 1017.3.4) <FC6A4AFD-2F60-3006-9C42-577F62F9B2A4> /System/Library/CoreServices/RawCamera.bundle/Contents/MacOS/RawCamera
    0x7fff2f660000 -     0x7fff2f84bfff  com.apple.driver.AppleIntelSKLGraphicsMTLDriver (10.32.48 - 10.3.2) <60F2ACC1-3A71-3BB6-96C4-61AA45429930> /System/Library/Extensions/AppleIntelSKLGraphicsMTLDriver.bundle/Contents/MacOS/AppleIntelSKLGraphicsMTLDriver
    0x7fff316b3000 -     0x7fff31892fff  com.apple.avfoundation (2.0 - 1535.42) <A4E74521-3C02-329A-BCB7-C2C4308DECD4> /System/Library/Frameworks/AVFoundation.framework/Versions/A/AVFoundation
    0x7fff31893000 -     0x7fff3194cfff  com.apple.audio.AVFAudio (1.0 - ???) <ECE63BA3-4344-3522-904B-71F89677AC7D> /System/Library/Frameworks/AVFoundation.framework/Versions/A/Frameworks/AVFAudio.framework/Versions/A/AVFAudio
    0x7fff31a52000 -     0x7fff31a52fff  com.apple.Accelerate (1.11 - Accelerate 1.11) <8632A9C5-19EA-3FD7-A44D-80765CC9C540> /System/Library/Frameworks/Accelerate.framework/Versions/A/Accelerate
    0x7fff31a53000 -     0x7fff31a69fef  libCGInterfaces.dylib (417.2) <ED0EAE3C-D963-3DF7-A408-4F00FF1C8C34> /System/Library/Frameworks/Accelerate.framework/Versions/A/Frameworks/vImage.framework/Versions/A/Libraries/libCGInterfaces.dylib
    0x7fff31a6a000 -     0x7fff31f68fc3  com.apple.vImage (8.1 - ???) <A243A7EF-0C8E-3A9A-AA38-44AFD7507F00> /System/Library/Frameworks/Accelerate.framework/Versions/A/Frameworks/vImage.framework/Versions/A/vImage
    0x7fff31f69000 -     0x7fff320c3fe3  libBLAS.dylib (1211.50.2) <62C659EB-3E32-3B5F-83BF-79F5DF30D5CE> /System/Library/Frameworks/Accelerate.framework/Versions/A/Frameworks/vecLib.framework/Versions/A/libBLAS.dylib
    0x7fff320c4000 -     0x7fff320f2fef  libBNNS.dylib (38.1) <7BAEFDCA-3227-3E07-80D8-59B6370B89C6> /System/Library/Frameworks/Accelerate.framework/Versions/A/Frameworks/vecLib.framework/Versions/A/libBNNS.dylib
    0x7fff320f3000 -     0x7fff324b2ff7  libLAPACK.dylib (1211.50.2) <40ADBA5F-8B2D-30AC-A7AD-7B17C37EE52D> /System/Library/Frameworks/Accelerate.framework/Versions/A/Frameworks/vecLib.framework/Versions/A/libLAPACK.dylib
    0x7fff324b3000 -     0x7fff324c8ff7  libLinearAlgebra.dylib (1211.50.2) <E8E0B7FD-A0B7-31E5-AF01-81781F71EBBE> /System/Library/Frameworks/Accelerate.framework/Versions/A/Frameworks/vecLib.framework/Versions/A/libLinearAlgebra.dylib
    0x7fff324c9000 -     0x7fff324ceff3  libQuadrature.dylib (3) <3D6BF66A-55B2-3692-BAC7-DEB0C676ED29> /System/Library/Frameworks/Accelerate.framework/Versions/A/Frameworks/vecLib.framework/Versions/A/libQuadrature.dylib
    0x7fff324cf000 -     0x7fff3254ffff  libSparse.dylib (79.50.2) <0DC25CDD-F8C1-3D6E-B472-8B060708424F> /System/Library/Frameworks/Accelerate.framework/Versions/A/Frameworks/vecLib.framework/Versions/A/libSparse.dylib
    0x7fff32550000 -     0x7fff32563fff  libSparseBLAS.dylib (1211.50.2) <722573CC-31CC-34B2-9032-E4F652A9CCFE> /System/Library/Frameworks/Accelerate.framework/Versions/A/Frameworks/vecLib.framework/Versions/A/libSparseBLAS.dylib
    0x7fff32564000 -     0x7fff32711fc3  libvDSP.dylib (622.50.5) <40690941-CF89-3F90-A0AC-A4D200744A5D> /System/Library/Frameworks/Accelerate.framework/Versions/A/Frameworks/vecLib.framework/Versions/A/libvDSP.dylib
    0x7fff32712000 -     0x7fff327c3fff  libvMisc.dylib (622.50.5) <BA2532DF-2D68-3DD0-9B59-D434BF702AA4> /System/Library/Frameworks/Accelerate.framework/Versions/A/Frameworks/vecLib.framework/Versions/A/libvMisc.dylib
    0x7fff327c4000 -     0x7fff327c4fff  com.apple.Accelerate.vecLib (3.11 - vecLib 3.11) <54FF3B43-E66C-3F36-B34B-A2B3B0A36502> /System/Library/Frameworks/Accelerate.framework/Versions/A/Frameworks/vecLib.framework/Versions/A/vecLib
    0x7fff32ab7000 -     0x7fff33915fff  com.apple.AppKit (6.9 - 1561.40.112) <C839B0C1-F7EE-3056-985C-63CF1A030EC4> /System/Library/Frameworks/AppKit.framework/Versions/C/AppKit
    0x7fff33967000 -     0x7fff33967fff  com.apple.ApplicationServices (48 - 50) <8DA47D38-B07B-3AE2-B343-4579864430C6> /System/Library/Frameworks/ApplicationServices.framework/Versions/A/ApplicationServices
    0x7fff33968000 -     0x7fff339cefff  com.apple.ApplicationServices.ATS (377 - 445.3) <000C4E9F-E0D9-371D-B304-83BA37460724> /System/Library/Frameworks/ApplicationServices.framework/Versions/A/Frameworks/ATS.framework/Versions/A/ATS
    0x7fff33a67000 -     0x7fff33b89fff  libFontParser.dylib (222.1.4) <FF68FAF6-70BB-3E39-A263-E17B6F5E00D0> /System/Library/Frameworks/ApplicationServices.framework/Versions/A/Frameworks/ATS.framework/Versions/A/Resources/libFontParser.dylib
    0x7fff33b8a000 -     0x7fff33bd4ff7  libFontRegistry.dylib (221.3) <C84F7112-4764-3F4B-9FBA-4A022CF6346B> /System/Library/Frameworks/ApplicationServices.framework/Versions/A/Frameworks/ATS.framework/Versions/A/Resources/libFontRegistry.dylib
    0x7fff33c79000 -     0x7fff33cacff7  libTrueTypeScaler.dylib (222.1.4) <4734ECD6-6F41-3A16-AE35-265BDC1572C5> /System/Library/Frameworks/ApplicationServices.framework/Versions/A/Frameworks/ATS.framework/Versions/A/Resources/libTrueTypeScaler.dylib
    0x7fff33d16000 -     0x7fff33d1aff3  com.apple.ColorSyncLegacy (4.13.0 - 1) <A5FB2694-1559-34A8-A3D3-2029F68A63CA> /System/Library/Frameworks/ApplicationServices.framework/Versions/A/Frameworks/ColorSyncLegacy.framework/Versions/A/ColorSyncLegacy
    0x7fff33dba000 -     0x7fff33e0cffb  com.apple.HIServices (1.22 - 624) <828E189A-62F9-3961-8A89-22F508870CC5> /System/Library/Frameworks/ApplicationServices.framework/Versions/A/Frameworks/HIServices.framework/Versions/A/HIServices
    0x7fff33e0d000 -     0x7fff33e1bfff  com.apple.LangAnalysis (1.7.0 - 1.7.0) <B65FF7E6-E9B5-34D8-8CA7-63D415A8A9A6> /System/Library/Frameworks/ApplicationServices.framework/Versions/A/Frameworks/LangAnalysis.framework/Versions/A/LangAnalysis
    0x7fff33e1c000 -     0x7fff33e68fff  com.apple.print.framework.PrintCore (13.4 - 503.2) <B90C67C1-0292-3CEC-885D-F1882CD104BE> /System/Library/Frameworks/ApplicationServices.framework/Versions/A/Frameworks/PrintCore.framework/Versions/A/PrintCore
    0x7fff33e69000 -     0x7fff33ea3fff  com.apple.QD (3.12 - 404.2) <38B20AFF-9D54-3B52-A6DC-C0D71380AA5F> /System/Library/Frameworks/ApplicationServices.framework/Versions/A/Frameworks/QD.framework/Versions/A/QD
    0x7fff33ea4000 -     0x7fff33eb0fff  com.apple.speech.synthesis.framework (7.5.1 - 7.5.1) <84ADDF38-36F1-3D3B-B28D-8865FA10FCD7> /System/Library/Frameworks/ApplicationServices.framework/Versions/A/Frameworks/SpeechSynthesis.framework/Versions/A/SpeechSynthesis
    0x7fff33eb1000 -     0x7fff3413eff7  com.apple.audio.toolbox.AudioToolbox (1.14 - 1.14) <87D81714-F167-39F5-B5E7-A7A432EDAB5B> /System/Library/Frameworks/AudioToolbox.framework/Versions/A/AudioToolbox
    0x7fff34140000 -     0x7fff34140fff  com.apple.audio.units.AudioUnit (1.14 - 1.14) <513C9A4B-4F6D-3A21-921F-2CA101B97830> /System/Library/Frameworks/AudioUnit.framework/Versions/A/AudioUnit
    0x7fff34462000 -     0x7fff347fcff7  com.apple.CFNetwork (897.15 - 897.15) <0C03AF39-3527-3E0D-8413-8E1B2A962F0D> /System/Library/Frameworks/CFNetwork.framework/Versions/A/CFNetwork
    0x7fff34811000 -     0x7fff34811fff  com.apple.Carbon (158 - 158) <F8B370D9-2103-3276-821D-ACC756167F86> /System/Library/Frameworks/Carbon.framework/Versions/A/Carbon
    0x7fff34812000 -     0x7fff34815ffb  com.apple.CommonPanels (1.2.6 - 98) <2391761C-5CAA-3F68-86B7-50B37927B104> /System/Library/Frameworks/Carbon.framework/Versions/A/Frameworks/CommonPanels.framework/Versions/A/CommonPanels
    0x7fff34816000 -     0x7fff34b1bfff  com.apple.HIToolbox (2.1.1 - 911.10) <BF7F9C0E-C732-3FB2-9BBC-362888BDA57B> /System/Library/Frameworks/Carbon.framework/Versions/A/Frameworks/HIToolbox.framework/Versions/A/HIToolbox
    0x7fff34b1c000 -     0x7fff34b1fffb  com.apple.help (1.3.8 - 66) <DEBADFA8-C189-3195-B0D6-A1F2DE95882A> /System/Library/Frameworks/Carbon.framework/Versions/A/Frameworks/Help.framework/Versions/A/Help
    0x7fff34b20000 -     0x7fff34b25fff  com.apple.ImageCapture (9.0 - 9.0) <23B4916F-3B43-3DFF-B956-FC390EECA284> /System/Library/Frameworks/Carbon.framework/Versions/A/Frameworks/ImageCapture.framework/Versions/A/ImageCapture
    0x7fff34b26000 -     0x7fff34bbbffb  com.apple.ink.framework (10.9 - 221) <5206C8B0-22DA-36C9-998E-846EDB626D5B> /System/Library/Frameworks/Carbon.framework/Versions/A/Frameworks/Ink.framework/Versions/A/Ink
    0x7fff34bbc000 -     0x7fff34bd6ff7  com.apple.openscripting (1.7 - 174) <1B2A1F9E-5534-3D61-83CA-9199B39E8708> /System/Library/Frameworks/Carbon.framework/Versions/A/Frameworks/OpenScripting.framework/Versions/A/OpenScripting
    0x7fff34bf7000 -     0x7fff34bf8fff  com.apple.print.framework.Print (12 - 267) <3682ABFB-2561-3419-847D-02C247F4800D> /System/Library/Frameworks/Carbon.framework/Versions/A/Frameworks/Print.framework/Versions/A/Print
    0x7fff34bf9000 -     0x7fff34bfbff7  com.apple.securityhi (9.0 - 55006) <C1406B8D-7D05-3959-808F-9C82189CF57F> /System/Library/Frameworks/Carbon.framework/Versions/A/Frameworks/SecurityHI.framework/Versions/A/SecurityHI
    0x7fff34bfc000 -     0x7fff34c02fff  com.apple.speech.recognition.framework (6.0.3 - 6.0.3) <2ED8643D-B0C3-3F17-82A2-BBF13E6CBABC> /System/Library/Frameworks/Carbon.framework/Versions/A/Frameworks/SpeechRecognition.framework/Versions/A/SpeechRecognition
    0x7fff34d23000 -     0x7fff34d23fff  com.apple.Cocoa (6.11 - 22) <4CF8E31C-B5C7-367B-B73D-1A8AC8E41B7F> /System/Library/Frameworks/Cocoa.framework/Versions/A/Cocoa
    0x7fff34d31000 -     0x7fff34deafff  com.apple.ColorSync (4.13.0 - 3325) <D283C285-447D-3258-A7E4-59532123B8FF> /System/Library/Frameworks/ColorSync.framework/Versions/A/ColorSync
    0x7fff34f77000 -     0x7fff3500aff7  com.apple.audio.CoreAudio (4.3.0 - 4.3.0) <6E3F958D-79BB-3658-99AD-59F16BF756F1> /System/Library/Frameworks/CoreAudio.framework/Versions/A/CoreAudio
    0x7fff35071000 -     0x7fff3509affb  com.apple.CoreBluetooth (1.0 - 1) <E1335074-9D07-370E-8440-61C4874BAC56> /System/Library/Frameworks/CoreBluetooth.framework/Versions/A/CoreBluetooth
    0x7fff3509b000 -     0x7fff353f1fef  com.apple.CoreData (120 - 851) <A2B59780-FB16-36A3-8EE0-E0EF072454E0> /System/Library/Frameworks/CoreData.framework/Versions/A/CoreData
    0x7fff353f2000 -     0x7fff354d7ff7  com.apple.CoreDisplay (1.0 - 97.16) <FCFB2A8C-7A5E-314B-AA12-04D33656A0E6> /System/Library/Frameworks/CoreDisplay.framework/Versions/A/CoreDisplay
    0x7fff354d8000 -     0x7fff35979fef  com.apple.CoreFoundation (6.9 - 1452.23) <945E5C0A-86C5-336E-A64F-5BF06E78985A> /System/Library/Frameworks/CoreFoundation.framework/Versions/A/CoreFoundation
    0x7fff3597b000 -     0x7fff35f8bfef  com.apple.CoreGraphics (2.0 - 1161.10) <31C36FA0-4026-3347-93FD-71CD7287A6F0> /System/Library/Frameworks/CoreGraphics.framework/Versions/A/CoreGraphics
    0x7fff35f8d000 -     0x7fff3627cfff  com.apple.CoreImage (13.0.0 - 579.4.11) <702F8035-26FE-3C78-8587-4C9563E03CC4> /System/Library/Frameworks/CoreImage.framework/Versions/A/CoreImage
    0x7fff3650b000 -     0x7fff365f4ff7  com.apple.CoreMedia (1.0 - 2275.61.1) <C440188D-BC13-3E1C-A322-5F1FF70BDB34> /System/Library/Frameworks/CoreMedia.framework/Versions/A/CoreMedia
    0x7fff365f5000 -     0x7fff36643fff  com.apple.CoreMediaIO (812.0 - 4994) <5A3B9482-21AC-38A3-B014-67012F3C39C7> /System/Library/Frameworks/CoreMediaIO.framework/Versions/A/CoreMediaIO
    0x7fff36644000 -     0x7fff36644fff  com.apple.CoreServices (822.31 - 822.31) <615919A2-AE11-3F27-9A37-FB0CFF8D36B6> /System/Library/Frameworks/CoreServices.framework/Versions/A/CoreServices
    0x7fff36645000 -     0x7fff366b9ffb  com.apple.AE (735.1 - 735.1) <08EBA184-20F7-3725-AEA6-C314448161C6> /System/Library/Frameworks/CoreServices.framework/Versions/A/Frameworks/AE.framework/Versions/A/AE
    0x7fff366ba000 -     0x7fff36991fff  com.apple.CoreServices.CarbonCore (1178.4 - 1178.4) <0D5E19BF-18CB-3FA4-8A5F-F6C787C5EE08> /System/Library/Frameworks/CoreServices.framework/Versions/A/Frameworks/CarbonCore.framework/Versions/A/CarbonCore
    0x7fff36992000 -     0x7fff369c6fff  com.apple.DictionaryServices (1.2 - 284.2) <6505B075-41C3-3C62-A4C3-85CE3F6825CD> /System/Library/Frameworks/CoreServices.framework/Versions/A/Frameworks/DictionaryServices.framework/Versions/A/DictionaryServices
    0x7fff369c7000 -     0x7fff369cfffb  com.apple.CoreServices.FSEvents (1239.50.1 - 1239.50.1) <3637CEC7-DF0E-320E-9634-44A442925C65> /System/Library/Frameworks/CoreServices.framework/Versions/A/Frameworks/FSEvents.framework/Versions/A/FSEvents
    0x7fff369d0000 -     0x7fff36b8dff7  com.apple.LaunchServices (822.31 - 822.31) <BDFAB0FF-C2C6-375B-9E84-E43E267E2F82> /System/Library/Frameworks/CoreServices.framework/Versions/A/Frameworks/LaunchServices.framework/Versions/A/LaunchServices
    0x7fff36b8e000 -     0x7fff36c3eff7  com.apple.Metadata (10.7.0 - 1191.4.13) <B5C22E70-C265-3C9F-865F-B138994A418D> /System/Library/Frameworks/CoreServices.framework/Versions/A/Frameworks/Metadata.framework/Versions/A/Metadata
    0x7fff36c3f000 -     0x7fff36c9ffff  com.apple.CoreServices.OSServices (822.31 - 822.31) <690E3C93-8799-39FF-8663-190A49B002E3> /System/Library/Frameworks/CoreServices.framework/Versions/A/Frameworks/OSServices.framework/Versions/A/OSServices
    0x7fff36ca0000 -     0x7fff36d0efff  com.apple.SearchKit (1.4.0 - 1.4.0) <3662545A-B1CF-3079-BDCD-C83855CEFEEE> /System/Library/Frameworks/CoreServices.framework/Versions/A/Frameworks/SearchKit.framework/Versions/A/SearchKit
    0x7fff36d0f000 -     0x7fff36d33ffb  com.apple.coreservices.SharedFileList (71.21 - 71.21) <7DB79D78-9925-33F8-96BA-35AB7AEB326A> /System/Library/Frameworks/CoreServices.framework/Versions/A/Frameworks/SharedFileList.framework/Versions/A/SharedFileList
    0x7fff36fd4000 -     0x7fff37124fff  com.apple.CoreText (352.0 - 578.18) <B8454115-2A4B-3585-A7A1-B47A638F2EEB> /System/Library/Frameworks/CoreText.framework/Versions/A/CoreText
    0x7fff37125000 -     0x7fff3715ffff  com.apple.CoreVideo (1.8 - 0.0) <86CCC036-51BB-3DD1-9601-D93798BCCD0F> /System/Library/Frameworks/CoreVideo.framework/Versions/A/CoreVideo
    0x7fff37160000 -     0x7fff371ebff3  com.apple.framework.CoreWLAN (13.0 - 1350.1) <E862CC02-69D2-3503-887B-B6E8223081E7> /System/Library/Frameworks/CoreWLAN.framework/Versions/A/CoreWLAN
    0x7fff37385000 -     0x7fff3743ffff  com.apple.DiscRecording (9.0.3 - 9030.4.5) <35D1FF9A-432C-39AD-9C1F-9022246EC5C0> /System/Library/Frameworks/DiscRecording.framework/Versions/A/DiscRecording
    0x7fff37466000 -     0x7fff3746bfff  com.apple.DiskArbitration (2.7 - 2.7) <A6450227-DD23-3100-ADBF-DB1C21E979F7> /System/Library/Frameworks/DiskArbitration.framework/Versions/A/DiskArbitration
    0x7fff3762c000 -     0x7fff379f2fff  com.apple.Foundation (6.9 - 1452.23) <E64540AD-1755-3C16-8537-552A00E92541> /System/Library/Frameworks/Foundation.framework/Versions/C/Foundation
    0x7fff37a62000 -     0x7fff37a92fff  com.apple.GSS (4.0 - 2.0) <41087278-74AE-3FA5-8C0E-9C78EB696299> /System/Library/Frameworks/GSS.framework/Versions/A/GSS
    0x7fff37ba4000 -     0x7fff37ca8ffb  com.apple.Bluetooth (6.0.5 - 6.0.5f3) <85F1B5A6-03C5-3D5A-90B8-5FC86349E330> /System/Library/Frameworks/IOBluetooth.framework/Versions/A/IOBluetooth
    0x7fff37d08000 -     0x7fff37da3ff7  com.apple.framework.IOKit (2.0.2 - 1445.50.26) <A63CAC8D-BF57-34FD-9A88-2F74546F2000> /System/Library/Frameworks/IOKit.framework/Versions/A/IOKit
    0x7fff37da5000 -     0x7fff37dacffb  com.apple.IOSurface (211.12 - 211.12) <392CA7DE-B365-364E-AF4A-33EC2CC48E6F> /System/Library/Frameworks/IOSurface.framework/Versions/A/IOSurface
    0x7fff37e03000 -     0x7fff37f7cfe7  com.apple.ImageIO.framework (3.3.0 - 1739.1) <E5E88083-26A7-3E48-8EB4-A1F04E0737CE> /System/Library/Frameworks/ImageIO.framework/Versions/A/ImageIO
    0x7fff37f7d000 -     0x7fff37f81ffb  libGIF.dylib (1739.1) <D39BE184-279C-36AC-B233-EE17CACDEDB3> /System/Library/Frameworks/ImageIO.framework/Versions/A/Resources/libGIF.dylib
    0x7fff37f82000 -     0x7fff38069fef  libJP2.dylib (1739.1) <053925CD-59DB-372F-98A8-C2372FF0B899> /System/Library/Frameworks/ImageIO.framework/Versions/A/Resources/libJP2.dylib
    0x7fff3806a000 -     0x7fff3808dff7  libJPEG.dylib (1739.1) <E925D511-B457-3732-9B67-1A7DFB228EA4> /System/Library/Frameworks/ImageIO.framework/Versions/A/Resources/libJPEG.dylib
    0x7fff38369000 -     0x7fff3838ffeb  libPng.dylib (1739.1) <48633B0C-BE01-3D94-9D9D-A95D50466AF9> /System/Library/Frameworks/ImageIO.framework/Versions/A/Resources/libPng.dylib
    0x7fff38390000 -     0x7fff38392ffb  libRadiance.dylib (1739.1) <A6F1064A-FFFC-3B06-8CBF-5204CDFC41C6> /System/Library/Frameworks/ImageIO.framework/Versions/A/Resources/libRadiance.dylib
    0x7fff38393000 -     0x7fff383e1fef  libTIFF.dylib (1739.1) <AD819413-29E3-3B2F-8997-2F88A82D9D83> /System/Library/Frameworks/ImageIO.framework/Versions/A/Resources/libTIFF.dylib
    0x7fff3927d000 -     0x7fff39296ff7  com.apple.Kerberos (3.0 - 1) <F86DCCDF-93C1-38B3-82C2-477C12E8EE6D> /System/Library/Frameworks/Kerberos.framework/Versions/A/Kerberos
    0x7fff39554000 -     0x7fff3955bfff  com.apple.MediaAccessibility (1.0 - 114) <9F72AACD-BAEB-3646-BD0F-12C47591C20D> /System/Library/Frameworks/MediaAccessibility.framework/Versions/A/MediaAccessibility
    0x7fff39607000 -     0x7fff39c6eff7  com.apple.MediaToolbox (1.0 - 2275.61.1) <E92B8487-AE1C-3EA9-A80B-99B43AD75FC0> /System/Library/Frameworks/MediaToolbox.framework/Versions/A/MediaToolbox
    0x7fff39c70000 -     0x7fff39cf1ff7  com.apple.Metal (125.25 - 125.25) <B2ECA050-4C13-3EAD-A1C8-AC21EFF122F1> /System/Library/Frameworks/Metal.framework/Versions/A/Metal
    0x7fff39d0e000 -     0x7fff39d29fff  com.apple.MetalPerformanceShaders.MPSCore (1.0 - 1) <0B4455FE-5C97-345C-B416-325EC6D88A2A> /System/Library/Frameworks/MetalPerformanceShaders.framework/Frameworks/MPSCore.framework/Versions/A/MPSCore
    0x7fff39d2a000 -     0x7fff39d99fef  com.apple.MetalPerformanceShaders.MPSImage (1.0 - 1) <87F14199-C445-34C2-90F8-57C29212483E> /System/Library/Frameworks/MetalPerformanceShaders.framework/Frameworks/MPSImage.framework/Versions/A/MPSImage
    0x7fff39d9a000 -     0x7fff39dbefff  com.apple.MetalPerformanceShaders.MPSMatrix (1.0 - 1) <BD50FD9C-CE92-34AF-8663-968BF89202A0> /System/Library/Frameworks/MetalPerformanceShaders.framework/Frameworks/MPSMatrix.framework/Versions/A/MPSMatrix
    0x7fff39dbf000 -     0x7fff39ea6ff7  com.apple.MetalPerformanceShaders.MPSNeuralNetwork (1.0 - 1) <FBDDCAE6-EC6E-361F-B924-B3EBDEAC2D2F> /System/Library/Frameworks/MetalPerformanceShaders.framework/Frameworks/MPSNeuralNetwork.framework/Versions/A/MPSNeuralNetwork
    0x7fff39ea7000 -     0x7fff39ea7ff7  com.apple.MetalPerformanceShaders.MetalPerformanceShaders (1.0 - 1) <20ECB52B-B5C2-39EA-88E3-DFEC0C3CC9FF> /System/Library/Frameworks/MetalPerformanceShaders.framework/Versions/A/MetalPerformanceShaders
    0x7fff3aea6000 -     0x7fff3aeb2ffb  com.apple.NetFS (6.0 - 4.0) <471DD96F-FA2E-3FE9-9746-2519A6780D1A> /System/Library/Frameworks/NetFS.framework/Versions/A/NetFS
    0x7fff3dca4000 -     0x7fff3dcf2fff  com.apple.opencl (2.8.15 - 2.8.15) <83ED39D0-1D39-3593-BA25-70A8A911DE71> /System/Library/Frameworks/OpenCL.framework/Versions/A/OpenCL
    0x7fff3dcf3000 -     0x7fff3dd0fffb  com.apple.CFOpenDirectory (10.13 - 207.50.1) <C2715A7A-2E5C-3A21-ADB4-726F707A1294> /System/Library/Frameworks/OpenDirectory.framework/Versions/A/Frameworks/CFOpenDirectory.framework/Versions/A/CFOpenDirectory
    0x7fff3dd10000 -     0x7fff3dd1bfff  com.apple.OpenDirectory (10.13 - 207.50.1) <220FB6F2-4892-3A66-8838-C134CF657D3A> /System/Library/Frameworks/OpenDirectory.framework/Versions/A/OpenDirectory
    0x7fff3ee9a000 -     0x7fff3ee9cfff  libCVMSPluginSupport.dylib (16.5.10) <BF5D065A-A38B-3446-9418-799F598072EF> /System/Library/Frameworks/OpenGL.framework/Versions/A/Libraries/libCVMSPluginSupport.dylib
    0x7fff3ee9d000 -     0x7fff3eea2ffb  libCoreFSCache.dylib (162.6.1) <879B2738-2E8A-3596-AFF8-9C3FB1B6828B> /System/Library/Frameworks/OpenGL.framework/Versions/A/Libraries/libCoreFSCache.dylib
    0x7fff3eea3000 -     0x7fff3eea7fff  libCoreVMClient.dylib (162.6.1) <64ED0A84-225F-39BC-BE0D-C896ACF5B50A> /System/Library/Frameworks/OpenGL.framework/Versions/A/Libraries/libCoreVMClient.dylib
    0x7fff3eea8000 -     0x7fff3eeb1ff7  libGFXShared.dylib (16.5.10) <6024B1FE-ACD7-3314-B390-85972CB9B778> /System/Library/Frameworks/OpenGL.framework/Versions/A/Libraries/libGFXShared.dylib
    0x7fff3eeb2000 -     0x7fff3eebdfff  libGL.dylib (16.5.10) <AB8B6C73-8496-3784-83F6-27737ED03B09> /System/Library/Frameworks/OpenGL.framework/Versions/A/Libraries/libGL.dylib
    0x7fff3eebe000 -     0x7fff3eef9fe7  libGLImage.dylib (16.5.10) <5B41D074-3132-3587-91B6-E441BA8C9F13> /System/Library/Frameworks/OpenGL.framework/Versions/A/Libraries/libGLImage.dylib
    0x7fff3f067000 -     0x7fff3f0a5ffb  libGLU.dylib (16.5.10) <F6844912-1B86-34DF-9FB5-A428CC7B5B18> /System/Library/Frameworks/OpenGL.framework/Versions/A/Libraries/libGLU.dylib
    0x7fff3fa1d000 -     0x7fff3fa2cfff  com.apple.opengl (16.5.10 - 16.5.10) <BC4EEFE3-A09B-3998-B723-1415B995B0EE> /System/Library/Frameworks/OpenGL.framework/Versions/A/OpenGL
    0x7fff3fc8c000 -     0x7fff3fcb5ff7  com.apple.frameworks.preferencepanes (16.0 - 16.0) <7EE266B0-F752-37CB-B4EE-6F3B8630B17C> /System/Library/Frameworks/PreferencePanes.framework/Versions/A/PreferencePanes
    0x7fff4087b000 -     0x7fff40ac6ff7  com.apple.QuartzCore (1.11 - 584.40) <ABC7F8FA-5F5A-31F4-868B-FDC4175BAFAC> /System/Library/Frameworks/QuartzCore.framework/Versions/A/QuartzCore
    0x7fff412fa000 -     0x7fff41622fff  com.apple.security (7.0 - 58286.51.6) <7212D257-5324-3DBA-8C26-504D6B8F632A> /System/Library/Frameworks/Security.framework/Versions/A/Security
    0x7fff41623000 -     0x7fff416afff7  com.apple.securityfoundation (6.0 - 55185.50.5) <087D601E-7813-3F9E-97EE-BC7081F520BD> /System/Library/Frameworks/SecurityFoundation.framework/Versions/A/SecurityFoundation
    0x7fff416b0000 -     0x7fff416e0fff  com.apple.securityinterface (10.0 - 55109.50.6) <343FFA91-89CF-3A3F-833A-D65A2647CCF1> /System/Library/Frameworks/SecurityInterface.framework/Versions/A/SecurityInterface
    0x7fff416e1000 -     0x7fff416e5ffb  com.apple.xpc.ServiceManagement (1.0 - 1) <5BFDB3ED-73A7-3035-A5BC-ADA6E4F74BFD> /System/Library/Frameworks/ServiceManagement.framework/Versions/A/ServiceManagement
    0x7fff41a8a000 -     0x7fff41afaff3  com.apple.SystemConfiguration (1.17 - 1.17) <8532B8E9-7E30-35A3-BC4A-DDE8E0614FDA> /System/Library/Frameworks/SystemConfiguration.framework/Versions/A/SystemConfiguration
    0x7fff41caf000 -     0x7fff4202afff  com.apple.VideoToolbox (1.0 - 2275.61.1) <B8E60F20-DEB7-38CA-B294-FD1DB3F233EC> /System/Library/Frameworks/VideoToolbox.framework/Versions/A/VideoToolbox
    0x7fff449eb000 -     0x7fff44a7eff7  com.apple.APFS (1.0 - 1) <D1CE52E0-45C0-30C4-B440-E2CF2F74CEE5> /System/Library/PrivateFrameworks/APFS.framework/Versions/A/APFS
    0x7fff44a7f000 -     0x7fff44ad3ffb  com.apple.aptransport (1.0 - 365.53) <DC87A6EE-FB68-3CCF-8A92-3CD05A064D00> /System/Library/PrivateFrameworks/APTransport.framework/Versions/A/APTransport
    0x7fff4530d000 -     0x7fff45354fff  com.apple.AirPlaySupport (2.0 - 365.53) <D309CE79-BE41-32BF-A5AD-2BBED88F30A8> /System/Library/PrivateFrameworks/AirPlaySupport.framework/Versions/A/AirPlaySupport
    0x7fff454d8000 -     0x7fff454f8ff7  com.apple.AmbientDisplay (1.0 - 121) <033587D4-35CA-3B50-9FF0-F59238D12728> /System/Library/PrivateFrameworks/AmbientDisplay.framework/Versions/A/AmbientDisplay
    0x7fff45699000 -     0x7fff456c1fff  com.apple.framework.Apple80211 (13.0 - 1361.7) <16627876-8CF5-3502-A1D6-35FCBDD5E79A> /System/Library/PrivateFrameworks/Apple80211.framework/Versions/A/Apple80211
    0x7fff456c3000 -     0x7fff456d2fef  com.apple.AppleFSCompression (96.30.2 - 1.0) <ABFF224B-22D6-35F6-A072-9548FD388EB7> /System/Library/PrivateFrameworks/AppleFSCompression.framework/Versions/A/AppleFSCompression
    0x7fff45814000 -     0x7fff4585cff3  com.apple.AppleJPEG (1.0 - 1) <8DD410CB-76A1-3F22-9A9F-0491FA0CEB4A> /System/Library/PrivateFrameworks/AppleJPEG.framework/Versions/A/AppleJPEG
    0x7fff4588e000 -     0x7fff45896ff3  com.apple.AppleSRP (5.0 - 1) <4CEC34CF-63E3-3023-B61B-F8D133698534> /System/Library/PrivateFrameworks/AppleSRP.framework/Versions/A/AppleSRP
    0x7fff45897000 -     0x7fff458bffff  com.apple.applesauce (1.0 - ???) <CCA8B094-1BCE-3AE3-A0A7-D544C818DE36> /System/Library/PrivateFrameworks/AppleSauce.framework/Versions/A/AppleSauce
    0x7fff45988000 -     0x7fff4598bff3  com.apple.AppleSystemInfo (3.1.5 - 3.1.5) <0E33401D-7B9C-378A-8EE8-0E3D40B63C8D> /System/Library/PrivateFrameworks/AppleSystemInfo.framework/Versions/A/AppleSystemInfo
    0x7fff4598c000 -     0x7fff459dcff7  com.apple.AppleVAFramework (5.0.41 - 5.0.41) <8169ABC4-56F0-301E-B913-A762F7E40DBF> /System/Library/PrivateFrameworks/AppleVA.framework/Versions/A/AppleVA
    0x7fff460df000 -     0x7fff460e6ff7  com.apple.coreservices.BackgroundTaskManagement (1.0 - 57.1) <51A41CA3-DB1D-3380-993E-99C54AEE518E> /System/Library/PrivateFrameworks/BackgroundTaskManagement.framework/Versions/A/BackgroundTaskManagement
    0x7fff460e7000 -     0x7fff4616eff7  com.apple.backup.framework (1.9.5 - 1.9.5) <BC020BDD-7C93-37E5-A762-4FDCBD2056A8> /System/Library/PrivateFrameworks/Backup.framework/Versions/A/Backup
    0x7fff46177000 -     0x7fff4617dff3  com.apple.BezelServicesFW (305 - 305) <FEED193D-3363-3C8A-9815-4A6128E640E3> /System/Library/PrivateFrameworks/BezelServices.framework/Versions/A/BezelServices
    0x7fff47b24000 -     0x7fff47b2dff3  com.apple.CommonAuth (4.0 - 2.0) <4D237B25-27E5-3577-948B-073659F6D3C0> /System/Library/PrivateFrameworks/CommonAuth.framework/Versions/A/CommonAuth
    0x7fff47e69000 -     0x7fff48271fff  com.apple.CoreAUC (259.0.0 - 259.0.0) <1E0FB2C7-109E-3924-8E7F-8C6ACD78AF26> /System/Library/PrivateFrameworks/CoreAUC.framework/Versions/A/CoreAUC
    0x7fff48272000 -     0x7fff482a2ff7  com.apple.CoreAVCHD (5.9.0 - 5900.4.1) <E9FF9574-122A-3966-AA2B-546E512ACD06> /System/Library/PrivateFrameworks/CoreAVCHD.framework/Versions/A/CoreAVCHD
    0x7fff482b9000 -     0x7fff482e6fff  com.apple.CoreAnalytics.CoreAnalytics (1.0 - 1) <A508C74C-114D-3156-AC87-8F12A2C023C9> /System/Library/PrivateFrameworks/CoreAnalytics.framework/Versions/A/CoreAnalytics
    0x7fff48338000 -     0x7fff4837aff3  com.apple.corebrightness (1.0 - 1) <F40FFDF3-5DF4-308A-8F46-C7A9BED5D8BB> /System/Library/PrivateFrameworks/CoreBrightness.framework/Versions/A/CoreBrightness
    0x7fff48630000 -     0x7fff48640ff7  com.apple.CoreEmoji (1.0 - 69.3) <A4357F5C-0C38-3A61-B456-D7321EB2CEE5> /System/Library/PrivateFrameworks/CoreEmoji.framework/Versions/A/CoreEmoji
    0x7fff4951e000 -     0x7fff4954fff3  com.apple.CoreServicesInternal (309.1 - 309.1) <EB09CAFC-AE9B-3257-BE45-5471D9F64AAD> /System/Library/PrivateFrameworks/CoreServicesInternal.framework/Versions/A/CoreServicesInternal
    0x7fff4988b000 -     0x7fff4991cfff  com.apple.CoreSymbolication (9.3 - 64026) <BAF3CE6E-8140-3159-BF1B-B953816459A0> /System/Library/PrivateFrameworks/CoreSymbolication.framework/Versions/A/CoreSymbolication
    0x7fff4999f000 -     0x7fff49ad3fff  com.apple.coreui (2.1 - 494.1) <19624CAA-74DE-3DD3-9585-E64BE866EBFF> /System/Library/PrivateFrameworks/CoreUI.framework/Versions/A/CoreUI
    0x7fff49ad4000 -     0x7fff49c04ff7  com.apple.CoreUtils (5.5 - 550.44) <DFC364C3-0812-31B5-9C79-C81C2DFDDB8B> /System/Library/PrivateFrameworks/CoreUtils.framework/Versions/A/CoreUtils
    0x7fff49c59000 -     0x7fff49cbdfff  com.apple.framework.CoreWiFi (13.0 - 1350.1) <6EC5DEB3-6E2F-3DC2-BE59-1FD05175FB0C> /System/Library/PrivateFrameworks/CoreWiFi.framework/Versions/A/CoreWiFi
    0x7fff49cbe000 -     0x7fff49cceff7  com.apple.CrashReporterSupport (10.13 - 1) <4D0DF741-8BFA-3BCF-971D-6EF849019534> /System/Library/PrivateFrameworks/CrashReporterSupport.framework/Versions/A/CrashReporterSupport
    0x7fff49d4c000 -     0x7fff49d5bff7  com.apple.framework.DFRFoundation (1.0 - 191.7) <3B8ED6F7-5DFF-34C3-BA90-DDB85679684C> /System/Library/PrivateFrameworks/DFRFoundation.framework/Versions/A/DFRFoundation
    0x7fff49d5e000 -     0x7fff49d62ffb  com.apple.DSExternalDisplay (3.1 - 380) <8D03D346-887A-3CE7-9483-4AD7804D1FBB> /System/Library/PrivateFrameworks/DSExternalDisplay.framework/Versions/A/DSExternalDisplay
    0x7fff49de4000 -     0x7fff49e5afff  com.apple.datadetectorscore (7.0 - 590.3) <83E85A62-44A8-33F8-AD79-AC4C807184C4> /System/Library/PrivateFrameworks/DataDetectorsCore.framework/Versions/A/DataDetectorsCore
    0x7fff49ea8000 -     0x7fff49ee8ff7  com.apple.DebugSymbols (181.0 - 181.0) <299A0238-ED78-3676-B131-274D972824AA> /System/Library/PrivateFrameworks/DebugSymbols.framework/Versions/A/DebugSymbols
    0x7fff49ee9000 -     0x7fff4a018fff  com.apple.desktopservices (1.12.4 - 1.12.4) <47C3FBF3-5E75-3821-B003-2A4DC3657D8D> /System/Library/PrivateFrameworks/DesktopServicesPriv.framework/Versions/A/DesktopServicesPriv
    0x7fff4a1f4000 -     0x7fff4a2e2ff7  com.apple.DiskManagement (11.4 - 1428) <BEA3294F-3BF2-3395-A5C2-B26BEF9508C5> /System/Library/PrivateFrameworks/DiskManagement.framework/Versions/A/DiskManagement
    0x7fff4a2e3000 -     0x7fff4a2e7ff7  com.apple.DisplayServicesFW (3.1 - 380) <79C5F9B5-D95F-3B86-BF98-C103B862EFE3> /System/Library/PrivateFrameworks/DisplayServices.framework/Versions/A/DisplayServices
    0x7fff4a370000 -     0x7fff4a373fff  com.apple.EFILogin (2.0 - 2) <65FC80C1-965D-3FE9-9666-41DB87A934A6> /System/Library/PrivateFrameworks/EFILogin.framework/Versions/A/EFILogin
    0x7fff4ae2f000 -     0x7fff4b25dfff  com.apple.vision.FaceCore (3.3.2 - 3.3.2) <B574FE33-4A41-3611-9738-388EBAF03E37> /System/Library/PrivateFrameworks/FaceCore.framework/Versions/A/FaceCore
    0x7fff4ceb9000 -     0x7fff4ceb9fff  libmetal_timestamp.dylib (802.4.5) <BCA42032-C91F-3463-BA1E-1433262ACA0A> /System/Library/PrivateFrameworks/GPUCompiler.framework/Versions/3802/Libraries/libmetal_timestamp.dylib
    0x7fff4e525000 -     0x7fff4e52aff7  com.apple.GPUWrangler (3.18.48 - 3.18.48) <D2BA4CFA-ED0A-3FEC-B5FF-2D6C0557334E> /System/Library/PrivateFrameworks/GPUWrangler.framework/Versions/A/GPUWrangler
    0x7fff4f2a0000 -     0x7fff4f2affff  com.apple.GraphVisualizer (1.0 - 5) <B993B8A2-5700-3DFC-9EB7-4CCEE8F959F1> /System/Library/PrivateFrameworks/GraphVisualizer.framework/Versions/A/GraphVisualizer
    0x7fff4f332000 -     0x7fff4f3a6fff  com.apple.Heimdal (4.0 - 2.0) <18607D75-DB78-3CC7-947E-AC769195164C> /System/Library/PrivateFrameworks/Heimdal.framework/Versions/A/Heimdal
    0x7fff4fca2000 -     0x7fff4fca9ff7  com.apple.IOAccelerator (378.18.1 - 378.18.1) <E47DDE66-1B2B-310F-A060-638CA5D86F9C> /System/Library/PrivateFrameworks/IOAccelerator.framework/Versions/A/IOAccelerator
    0x7fff4fcad000 -     0x7fff4fcc5fff  com.apple.IOPresentment (1.0 - 35.1) <214AD582-466F-3844-A0A4-DE0742A8B899> /System/Library/PrivateFrameworks/IOPresentment.framework/Versions/A/IOPresentment
    0x7fff50090000 -     0x7fff500b6ffb  com.apple.IconServices (97.6 - 97.6) <A56D826D-20D2-34BE-AACC-A80CFCB4E915> /System/Library/PrivateFrameworks/IconServices.framework/Versions/A/IconServices
    0x7fff501c2000 -     0x7fff501c5ff3  com.apple.InternationalSupport (1.0 - 1) <5AB382FD-BF81-36A1-9565-61F1FD398ECA> /System/Library/PrivateFrameworks/InternationalSupport.framework/Versions/A/InternationalSupport
    0x7fff50233000 -     0x7fff50243ffb  com.apple.IntlPreferences (2.0 - 227.5.2) <436BBE9B-595B-37EB-8B54-B332B6AE3E57> /System/Library/PrivateFrameworks/IntlPreferences.framework/Versions/A/IntlPreferences
    0x7fff5034e000 -     0x7fff50443ff7  com.apple.LanguageModeling (1.0 - 159.5.3) <7F0AC200-E3DD-39FB-8A95-00DD70B66A9F> /System/Library/PrivateFrameworks/LanguageModeling.framework/Versions/A/LanguageModeling
    0x7fff50444000 -     0x7fff50486fff  com.apple.Lexicon-framework (1.0 - 33.5) <DC94CF9E-1EB4-3C0E-B298-CA1190885276> /System/Library/PrivateFrameworks/Lexicon.framework/Versions/A/Lexicon
    0x7fff5048a000 -     0x7fff50491ff7  com.apple.LinguisticData (1.0 - 238.3) <49A54649-1021-3DBD-99B8-1B2EDFFA5378> /System/Library/PrivateFrameworks/LinguisticData.framework/Versions/A/LinguisticData
    0x7fff50c90000 -     0x7fff50c93fff  com.apple.Mangrove (1.0 - 1) <27D6DF76-B5F8-3443-8826-D25B284331BF> /System/Library/PrivateFrameworks/Mangrove.framework/Versions/A/Mangrove
    0x7fff50d47000 -     0x7fff50daeff3  com.apple.MediaControlSender (2.0 - 365.53) <905FDEDC-1F5E-33DA-96DB-6C5C676920C1> /System/Library/PrivateFrameworks/MediaControlSender.framework/Versions/A/MediaControlSender
    0x7fff50daf000 -     0x7fff50de2ff7  com.apple.MediaKit (16 - 873) <EC6E742E-305D-362F-9E22-BF313013054C> /System/Library/PrivateFrameworks/MediaKit.framework/Versions/A/MediaKit
    0x7fff51170000 -     0x7fff511d9ff7  com.apple.gpusw.MetalTools (1.0 - 1) <B5F66CF4-BE75-3A0B-A6A0-2F22C7C259D9> /System/Library/PrivateFrameworks/MetalTools.framework/Versions/A/MetalTools
    0x7fff511e2000 -     0x7fff511f9ff7  com.apple.MobileAssets (1.0 - 437.50.37) <675063CD-8335-32C2-AAAF-46CA5C265800> /System/Library/PrivateFrameworks/MobileAsset.framework/Versions/A/MobileAsset
    0x7fff5136f000 -     0x7fff5137eff7  com.apple.MonitorPanelFramework (6.0 - 6.0) <52B8ABD5-64C4-3B7B-887D-48E5DE2F4354> /System/Library/PrivateFrameworks/MonitorPanel.framework/Versions/A/MonitorPanel
    0x7fff513fa000 -     0x7fff51424ffb  com.apple.MultitouchSupport.framework (1404.4 - 1404.4) <45374A2A-C0BC-3A70-8183-37295205CDFA> /System/Library/PrivateFrameworks/MultitouchSupport.framework/Versions/A/MultitouchSupport
    0x7fff5168b000 -     0x7fff51696fff  com.apple.NetAuth (6.2 - 6.2) <B3795F63-C14A-33E1-9EE6-02A2E7661321> /System/Library/PrivateFrameworks/NetAuth.framework/Versions/A/NetAuth
    0x7fff52f28000 -     0x7fff52f38ffb  com.apple.PerformanceAnalysis (1.194 - 194) <D0211AD1-72B3-3493-92C9-B4F40ED581D5> /System/Library/PrivateFrameworks/PerformanceAnalysis.framework/Versions/A/PerformanceAnalysis
    0x7fff54c9e000 -     0x7fff54cf5ffb  com.apple.ProtectedCloudStorage (1.0 - 1) <351DCB70-4AA2-326E-B14E-0874AA37FA9B> /System/Library/PrivateFrameworks/ProtectedCloudStorage.framework/Versions/A/ProtectedCloudStorage
    0x7fff54cf6000 -     0x7fff54d14fff  com.apple.ProtocolBuffer (1 - 260) <40704740-4A53-3010-A49B-08D1D69D1D5E> /System/Library/PrivateFrameworks/ProtocolBuffer.framework/Versions/A/ProtocolBuffer
    0x7fff54edd000 -     0x7fff54ee9fff  com.apple.xpc.RemoteServiceDiscovery (1.0 - 1205.50.76) <C735038A-BC7E-3DE3-B350-6449404FC259> /System/Library/PrivateFrameworks/RemoteServiceDiscovery.framework/Versions/A/RemoteServiceDiscovery
    0x7fff54eea000 -     0x7fff54f0dffb  com.apple.RemoteViewServices (2.0 - 125) <592323D1-CB44-35F1-9921-4C2AB8D920A0> /System/Library/PrivateFrameworks/RemoteViewServices.framework/Versions/A/RemoteViewServices
    0x7fff54f0e000 -     0x7fff54f22ff7  com.apple.xpc.RemoteXPC (1.0 - 1205.50.76) <6E67A656-542A-34BD-B598-56B8D5A70814> /System/Library/PrivateFrameworks/RemoteXPC.framework/Versions/A/RemoteXPC
    0x7fff5682a000 -     0x7fff5693cfff  com.apple.Sharing (1019.46 - 1019.46) <1266C41E-3CA9-3EFC-8413-A37D52EA9FB2> /System/Library/PrivateFrameworks/Sharing.framework/Versions/A/Sharing
    0x7fff56967000 -     0x7fff56968ff7  com.apple.performance.SignpostNotification (1.2.4 - 2.4) <9957B2C0-4D48-3337-8A4D-5E457CC7B542> /System/Library/PrivateFrameworks/SignpostNotification.framework/Versions/A/SignpostNotification
    0x7fff576b0000 -     0x7fff5794cfff  com.apple.SkyLight (1.600.0 - 312.50) <0CF4C608-8748-32BF-9586-A1601945F82C> /System/Library/PrivateFrameworks/SkyLight.framework/Versions/A/SkyLight
    0x7fff58112000 -     0x7fff5811fff7  com.apple.SpeechRecognitionCore (4.0.13 - 4.0.13) <8B5418A4-CDC5-3200-AEF0-F109E0DF9019> /System/Library/PrivateFrameworks/SpeechRecognitionCore.framework/Versions/A/SpeechRecognitionCore
    0x7fff585ca000 -     0x7fff585f1fff  com.apple.StreamingZip (1.0 - 1) <3DE92A6D-565E-3477-82B1-660987317BD8> /System/Library/PrivateFrameworks/StreamingZip.framework/Versions/A/StreamingZip
    0x7fff58cc3000 -     0x7fff58d4cfc7  com.apple.Symbolication (9.3 - 64033) <FAA17252-6378-34A4-BBBB-22DF54EC1626> /System/Library/PrivateFrameworks/Symbolication.framework/Versions/A/Symbolication
    0x7fff592bc000 -     0x7fff592c4ff7  com.apple.TCC (1.0 - 1) <E1EB7272-FE6F-39AB-83CA-B2B5F2A88D9B> /System/Library/PrivateFrameworks/TCC.framework/Versions/A/TCC
    0x7fff594d1000 -     0x7fff5958eff7  com.apple.TextureIO (3.7 - 3.7) <F8BAC954-405D-3CC3-AB7B-048C866EF980> /System/Library/PrivateFrameworks/TextureIO.framework/Versions/A/TextureIO
    0x7fff5963b000 -     0x7fff597eafff  com.apple.UIFoundation (1.0 - 547.3) <ACC12DF5-E528-33F3-A358-4E1BEA68239C> /System/Library/PrivateFrameworks/UIFoundation.framework/Versions/A/UIFoundation
    0x7fff5a4bf000 -     0x7fff5a58eff7  com.apple.ViewBridge (343.2 - 343.2) <5519FCED-1F88-3BE6-9BE1-69992086B01B> /System/Library/PrivateFrameworks/ViewBridge.framework/Versions/A/ViewBridge
    0x7fff5a8f6000 -     0x7fff5ab21ffb  libAWDSupportFramework.dylib (793) <D143BBEA-276C-3C33-9801-C6B66824E8EC> /System/Library/PrivateFrameworks/WirelessDiagnostics.framework/Versions/A/Libraries/libAWDSupportFramework.dylib
    0x7fff5ab22000 -     0x7fff5ab33ff7  libprotobuf-lite.dylib (793) <0CBA92F5-DAC7-3858-B3E5-4DF792C3EABB> /System/Library/PrivateFrameworks/WirelessDiagnostics.framework/Versions/A/Libraries/libprotobuf-lite.dylib
    0x7fff5ab34000 -     0x7fff5ab96fff  libprotobuf.dylib (793) <CE4B8DBC-17FD-3E57-B1BE-D097DF634513> /System/Library/PrivateFrameworks/WirelessDiagnostics.framework/Versions/A/Libraries/libprotobuf.dylib
    0x7fff5ab97000 -     0x7fff5abdaff7  com.apple.awd (1.0 - 930) <1D199A76-E8CB-38BB-B00C-2AAEA1B9E712> /System/Library/PrivateFrameworks/WirelessDiagnostics.framework/Versions/A/WirelessDiagnostics
    0x7fff5abdb000 -     0x7fff5ac2cfff  com.apple.WirelessProximity (1.0 - 1) <C7987681-3B5D-3F70-A704-F981E78FBFCD> /System/Library/PrivateFrameworks/WirelessProximity.framework/Versions/A/WirelessProximity
    0x7fff5aef3000 -     0x7fff5aef5ffb  com.apple.loginsupport (1.0 - 1) <D1232C1B-80EA-3DF8-9466-013695D0846E> /System/Library/PrivateFrameworks/login.framework/Versions/A/Frameworks/loginsupport.framework/Versions/A/loginsupport
    0x7fff5aef6000 -     0x7fff5af0bfff  com.apple.login (3.0 - 3.0) <79189BF9-70D4-3839-9E2F-B3990B673A3E> /System/Library/PrivateFrameworks/login.framework/Versions/A/login
    0x7fff5b05c000 -     0x7fff5b08fff7  libclosured.dylib (551.3) <DC3DA678-9C40-339C-A9C6-32AB74FCC682> /usr/lib/closure/libclosured.dylib
    0x7fff5b149000 -     0x7fff5b182ff7  libCRFSuite.dylib (41) <FE5EDB68-2593-3C2E-BBAF-1C52D206F296> /usr/lib/libCRFSuite.dylib
    0x7fff5b183000 -     0x7fff5b18efff  libChineseTokenizer.dylib (28) <53633C9B-A3A8-36F7-A53C-432D802F4BB8> /usr/lib/libChineseTokenizer.dylib
    0x7fff5b18f000 -     0x7fff5b21cff7  libCoreStorage.dylib (546.50.1) <6AFD6AAE-2EFE-3CF3-90C6-A66F67FCB309> /usr/lib/libCoreStorage.dylib
    0x7fff5b220000 -     0x7fff5b221ff3  libDiagnosticMessagesClient.dylib (104) <9712E980-76EE-3A89-AEA6-DF4BAF5C0574> /usr/lib/libDiagnosticMessagesClient.dylib
    0x7fff5b258000 -     0x7fff5b422ff3  libFosl_dynamic.dylib (17.8) <C58ED77A-4986-31C2-994C-34DDFB8106F0> /usr/lib/libFosl_dynamic.dylib
    0x7fff5b45a000 -     0x7fff5b45afff  libOpenScriptingUtil.dylib (174) <610F0242-7CE5-3C86-951B-B646562694AF> /usr/lib/libOpenScriptingUtil.dylib
    0x7fff5b591000 -     0x7fff5b595ffb  libScreenReader.dylib (562.18.4) <E239923D-54C9-3BBF-852F-87C09DEF4091> /usr/lib/libScreenReader.dylib
    0x7fff5b596000 -     0x7fff5b597ffb  libSystem.B.dylib (1252.50.4) <C7810EA7-A61F-3817-8E54-E2EC4E26F946> /usr/lib/libSystem.B.dylib
    0x7fff5b598000 -     0x7fff5b615fff  libTelephonyUtilDynamic.dylib (3312) <1534A887-F11D-3B09-95CC-AF45634FDF46> /usr/lib/libTelephonyUtilDynamic.dylib
    0x7fff5b62a000 -     0x7fff5b62afff  libapple_crypto.dylib (109.50.14) <48BA2E76-BF2F-3522-A54E-D7FB7EAF7A57> /usr/lib/libapple_crypto.dylib
    0x7fff5b62b000 -     0x7fff5b641ff7  libapple_nghttp2.dylib (1.24) <01402BC4-4822-3676-9C80-50D83F816424> /usr/lib/libapple_nghttp2.dylib
    0x7fff5b642000 -     0x7fff5b66cff3  libarchive.2.dylib (54) <8FC28DD8-E315-3C3E-95FE-D1D2CBE49888> /usr/lib/libarchive.2.dylib
    0x7fff5b66d000 -     0x7fff5b6eefdf  libate.dylib (1.13.1) <178ACDAD-DE7E-346C-A613-1CBF7929AC07> /usr/lib/libate.dylib
    0x7fff5b6f2000 -     0x7fff5b6f2ff3  libauto.dylib (187) <A05C7900-F8C7-3E75-8D3F-909B40C19717> /usr/lib/libauto.dylib
    0x7fff5b6f3000 -     0x7fff5b7abff3  libboringssl.dylib (109.50.14) <E6813F87-B5E4-3F7F-A725-E6A7F2BD02EC> /usr/lib/libboringssl.dylib
    0x7fff5b7ac000 -     0x7fff5b7bcff3  libbsm.0.dylib (39) <6BC96A72-AFBE-34FD-91B1-748A530D8AE6> /usr/lib/libbsm.0.dylib
    0x7fff5b7bd000 -     0x7fff5b7caffb  libbz2.1.0.dylib (38) <0A5086BB-4724-3C14-979D-5AD4F26B5B45> /usr/lib/libbz2.1.0.dylib
    0x7fff5b7cb000 -     0x7fff5b821fff  libc++.1.dylib (400.9) <7D3DACCC-3804-393C-ABC1-1A580FD00CB6> /usr/lib/libc++.1.dylib
    0x7fff5b822000 -     0x7fff5b846ff7  libc++abi.dylib (400.8.2) <EF5E37D7-11D9-3530-BE45-B986612D13E2> /usr/lib/libc++abi.dylib
    0x7fff5b848000 -     0x7fff5b858fff  libcmph.dylib (6) <A5509EE8-7E00-3224-8814-015B077A3CF5> /usr/lib/libcmph.dylib
    0x7fff5b859000 -     0x7fff5b86ffff  libcompression.dylib (47.50.1) <491784AE-CB90-3E27-9081-95C3A1211760> /usr/lib/libcompression.dylib
    0x7fff5bb1a000 -     0x7fff5bb32ff7  libcoretls.dylib (155.50.1) <D350052E-DC4D-3185-ADBA-BA48EDCEE955> /usr/lib/libcoretls.dylib
    0x7fff5bb33000 -     0x7fff5bb34ff3  libcoretls_cfhelpers.dylib (155.50.1) <B297F5D8-F2FE-3566-A752-E9D998B9C039> /usr/lib/libcoretls_cfhelpers.dylib
    0x7fff5bff9000 -     0x7fff5c004ff7  libcsfde.dylib (546.50.1) <D02562A4-CCE6-35FE-8BDE-05BB68DA0038> /usr/lib/libcsfde.dylib
    0x7fff5c005000 -     0x7fff5c05bff3  libcups.2.dylib (462.2) <64864CBE-03A3-34C7-9DBB-C93601F183FD> /usr/lib/libcups.2.dylib
    0x7fff5c19b000 -     0x7fff5c19bfff  libenergytrace.dylib (16) <A92AB8B8-B986-3CE6-980D-D55090FEF387> /usr/lib/libenergytrace.dylib
    0x7fff5c1d2000 -     0x7fff5c1d7ff3  libheimdal-asn1.dylib (520.50.6) <E358445A-B84E-31B5-BCCD-7E1397519D96> /usr/lib/libheimdal-asn1.dylib
    0x7fff5c203000 -     0x7fff5c2f4ff7  libiconv.2.dylib (51.50.1) <2FEC9707-3FAF-3828-A50D-8605086D060F> /usr/lib/libiconv.2.dylib
    0x7fff5c2f5000 -     0x7fff5c51cffb  libicucore.A.dylib (59173.0.1) <CECAD5E5-3EFD-3AAC-AD9B-E355B2DD5E9C> /usr/lib/libicucore.A.dylib
    0x7fff5c569000 -     0x7fff5c56afff  liblangid.dylib (128) <39C39393-0D05-301D-93B2-F224FC4949AA> /usr/lib/liblangid.dylib
    0x7fff5c56b000 -     0x7fff5c584ffb  liblzma.5.dylib (10) <3D419A50-961F-37D2-8A01-3DC7AB7B8D18> /usr/lib/liblzma.5.dylib
    0x7fff5c585000 -     0x7fff5c59bff7  libmarisa.dylib (9) <D6D2D55D-1D2E-3442-B152-B18803C0ABB4> /usr/lib/libmarisa.dylib
    0x7fff5c64c000 -     0x7fff5c874ff7  libmecabra.dylib (779.7.6) <F462F170-E872-3D09-B219-973D5E99C09F> /usr/lib/libmecabra.dylib
    0x7fff5ca4c000 -     0x7fff5cbc6fff  libnetwork.dylib (1229.51.2) <D64FE2A1-CBFD-3817-A701-9A0DDBD70DCF> /usr/lib/libnetwork.dylib
    0x7fff5cc45000 -     0x7fff5d0337e7  libobjc.A.dylib (723) <DD9E5EC5-B507-3249-B700-93433E2D5EDF> /usr/lib/libobjc.A.dylib
    0x7fff5d046000 -     0x7fff5d04afff  libpam.2.dylib (22) <7B4D2CE2-1438-387A-9802-5CEEFBF26F86> /usr/lib/libpam.2.dylib
    0x7fff5d04d000 -     0x7fff5d081fff  libpcap.A.dylib (79.20.1) <FA13918B-A247-3181-B256-9B852C7BA316> /usr/lib/libpcap.A.dylib
    0x7fff5d100000 -     0x7fff5d11cffb  libresolv.9.dylib (65) <E8F3415B-4472-3202-8901-41FD87981DB2> /usr/lib/libresolv.9.dylib
    0x7fff5d16b000 -     0x7fff5d16cff3  libspindump.dylib (252) <D8E27057-E3CC-3D7F-A010-4A87830F6A83> /usr/lib/libspindump.dylib
    0x7fff5d16d000 -     0x7fff5d300ff7  libsqlite3.dylib (274.8.1) <FCAD6A57-829E-3701-B16E-1833D620E0E8> /usr/lib/libsqlite3.dylib
    0x7fff5d4d4000 -     0x7fff5d534ff3  libusrtcp.dylib (1229.51.2) <3D8806D9-4BA9-35EE-BC44-F58BC2A0962D> /usr/lib/libusrtcp.dylib
    0x7fff5d535000 -     0x7fff5d538ffb  libutil.dylib (51.20.1) <216D18E5-0BAF-3EAF-A38E-F6AC37CBABD9> /usr/lib/libutil.dylib
    0x7fff5d539000 -     0x7fff5d546fff  libxar.1.dylib (400) <0316128D-3B47-3052-995D-97B4FE5491DC> /usr/lib/libxar.1.dylib
    0x7fff5d54a000 -     0x7fff5d631fff  libxml2.2.dylib (31.10) <503721DB-0D8D-379E-B743-18CE59304155> /usr/lib/libxml2.2.dylib
    0x7fff5d632000 -     0x7fff5d65afff  libxslt.1.dylib (15.12) <4A5E011D-8B29-3135-A52B-9A9070ABD752> /usr/lib/libxslt.1.dylib
    0x7fff5d65b000 -     0x7fff5d66dffb  libz.1.dylib (70) <48C67CFC-940D-3857-8DAD-857774605352> /usr/lib/libz.1.dylib
    0x7fff5d709000 -     0x7fff5d70dff7  libcache.dylib (80) <092479CB-1008-3A83-BECF-E115F24D13C1> /usr/lib/system/libcache.dylib
    0x7fff5d70e000 -     0x7fff5d718ff3  libcommonCrypto.dylib (60118.50.1) <029F5985-9B6E-3DCB-9B96-FD007678C6A7> /usr/lib/system/libcommonCrypto.dylib
    0x7fff5d719000 -     0x7fff5d720fff  libcompiler_rt.dylib (62) <968B8E3F-3681-3230-9D78-BB8732024F6E> /usr/lib/system/libcompiler_rt.dylib
    0x7fff5d721000 -     0x7fff5d72affb  libcopyfile.dylib (146.50.5) <3885083D-50D8-3EEC-B481-B2E605180D7F> /usr/lib/system/libcopyfile.dylib
    0x7fff5d72b000 -     0x7fff5d7b0fff  libcorecrypto.dylib (562.50.17) <67007279-24E1-3F30-802D-A55CD5C27946> /usr/lib/system/libcorecrypto.dylib
    0x7fff5d838000 -     0x7fff5d871ff7  libdispatch.dylib (913.50.12) <848EEE57-4235-3A61-9A52-C0097DD2AB5E> /usr/lib/system/libdispatch.dylib
    0x7fff5d872000 -     0x7fff5d88fff7  libdyld.dylib (551.3) <CF59A5A5-288B-30E6-BD42-9056B4E4139A> /usr/lib/system/libdyld.dylib
    0x7fff5d890000 -     0x7fff5d890ffb  libkeymgr.dylib (28) <E34E283E-90FA-3C59-B48E-1277CDB9CDCE> /usr/lib/system/libkeymgr.dylib
    0x7fff5d891000 -     0x7fff5d89dff3  libkxld.dylib (4570.51.1) <C2B927F3-E9D9-3ACF-A358-A51A61749FB4> /usr/lib/system/libkxld.dylib
    0x7fff5d89e000 -     0x7fff5d89eff7  liblaunch.dylib (1205.50.76) <4D52BB64-C568-3A36-8935-2480427EE2A2> /usr/lib/system/liblaunch.dylib
    0x7fff5d89f000 -     0x7fff5d8a3ffb  libmacho.dylib (906) <1902A611-081A-3452-B11E-EBD1B166E831> /usr/lib/system/libmacho.dylib
    0x7fff5d8a4000 -     0x7fff5d8a6ff3  libquarantine.dylib (86) <26C0BA22-8F93-3A07-9A4E-C8D53D2CE42E> /usr/lib/system/libquarantine.dylib
    0x7fff5d8a7000 -     0x7fff5d8a8ff3  libremovefile.dylib (45) <711E18B2-5BBE-3211-A916-56740C27D17A> /usr/lib/system/libremovefile.dylib
    0x7fff5d8a9000 -     0x7fff5d8c0fff  libsystem_asl.dylib (356.50.1) <3B24F2D1-B578-359D-ADB2-0ED19A364C38> /usr/lib/system/libsystem_asl.dylib
    0x7fff5d8c1000 -     0x7fff5d8c1fff  libsystem_blocks.dylib (67) <17303FDF-0D2D-3963-B05E-B4DF63052D47> /usr/lib/system/libsystem_blocks.dylib
    0x7fff5d8c2000 -     0x7fff5d94bff7  libsystem_c.dylib (1244.50.9) <1187BFE8-4576-3247-8177-481554E1F9E7> /usr/lib/system/libsystem_c.dylib
    0x7fff5d94c000 -     0x7fff5d94fffb  libsystem_configuration.dylib (963.50.8) <DF6B5287-203E-30CB-9947-78DF446C72B8> /usr/lib/system/libsystem_configuration.dylib
    0x7fff5d950000 -     0x7fff5d953ffb  libsystem_coreservices.dylib (51) <486000D3-D8CB-3BE7-8EE5-8BF380DE6DF7> /usr/lib/system/libsystem_coreservices.dylib
    0x7fff5d954000 -     0x7fff5d955fff  libsystem_darwin.dylib (1244.50.9) <09C21A4A-9EE0-388B-A9D9-DFF8F6758791> /usr/lib/system/libsystem_darwin.dylib
    0x7fff5d956000 -     0x7fff5d95cff7  libsystem_dnssd.dylib (878.50.17) <9033B909-BCF7-37EB-A040-ADE8081611D6> /usr/lib/system/libsystem_dnssd.dylib
    0x7fff5d95d000 -     0x7fff5d9a6ff7  libsystem_info.dylib (517.30.1) <AB634A98-B8AA-3804-8436-38261FC8EC4D> /usr/lib/system/libsystem_info.dylib
    0x7fff5d9a7000 -     0x7fff5d9cdff7  libsystem_kernel.dylib (4570.51.1) <5CAAB092-02CC-3A37-9D5F-C4AD1083AB96> /usr/lib/system/libsystem_kernel.dylib
    0x7fff5d9ce000 -     0x7fff5da19fcb  libsystem_m.dylib (3147.50.1) <FC2E58BA-E6D5-3D2A-89CA-67F212294136> /usr/lib/system/libsystem_m.dylib
    0x7fff5da1a000 -     0x7fff5da39fff  libsystem_malloc.dylib (140.50.6) <7FD43735-9DDD-300E-8C4A-F909A74BDF49> /usr/lib/system/libsystem_malloc.dylib
    0x7fff5da3a000 -     0x7fff5db6aff3  libsystem_network.dylib (1229.51.2) <F65ED095-8ABA-3355-93F8-B9D0505932F4> /usr/lib/system/libsystem_network.dylib
    0x7fff5db6b000 -     0x7fff5db75ffb  libsystem_networkextension.dylib (767.50.25) <758F1414-796D-3422-83C9-92D2915A06CE> /usr/lib/system/libsystem_networkextension.dylib
    0x7fff5db76000 -     0x7fff5db7fff3  libsystem_notify.dylib (172) <08012EC0-2CD2-34BE-BF93-E7F56491299A> /usr/lib/system/libsystem_notify.dylib
    0x7fff5db80000 -     0x7fff5db87ff7  libsystem_platform.dylib (161.50.1) <6355EE2D-5456-3CA8-A227-B96E8F1E2AF8> /usr/lib/system/libsystem_platform.dylib
    0x7fff5db88000 -     0x7fff5db93fff  libsystem_pthread.dylib (301.50.1) <0E51CCBA-91F2-34E1-BF2A-FEEFD3D321E4> /usr/lib/system/libsystem_pthread.dylib
    0x7fff5db94000 -     0x7fff5db97fff  libsystem_sandbox.dylib (765.50.51) <B48D256E-D7DB-3D4F-BC95-34557170C7AA> /usr/lib/system/libsystem_sandbox.dylib
    0x7fff5db98000 -     0x7fff5db99ff3  libsystem_secinit.dylib (30) <DE8D14E8-A276-3FF8-AE13-77F7040F33C1> /usr/lib/system/libsystem_secinit.dylib
    0x7fff5db9a000 -     0x7fff5dba1ff7  libsystem_symptoms.dylib (820.50.37) <ED7350E0-B68B-374A-9AB7-DC1F195A8327> /usr/lib/system/libsystem_symptoms.dylib
    0x7fff5dba2000 -     0x7fff5dbb5fff  libsystem_trace.dylib (829.50.17) <6568D68B-1D4C-38EE-90A9-54821D6403C0> /usr/lib/system/libsystem_trace.dylib
    0x7fff5dbb7000 -     0x7fff5dbbcff7  libunwind.dylib (35.3) <BEF3FB49-5604-3B5F-82B5-332B80023AC3> /usr/lib/system/libunwind.dylib
    0x7fff5dbbd000 -     0x7fff5dbeafff  libxpc.dylib (1205.50.76) <25DB244E-217D-3CE0-A8F2-0C4255783B42> /usr/lib/system/libxpc.dylib

External Modification Summary:
  Calls made by other processes targeting this process:
    task_for_pid: 8
    thread_create: 0
    thread_set_state: 0
  Calls made by this process:
    task_for_pid: 0
    thread_create: 0
    thread_set_state: 0
  Calls made by all processes on this machine:
    task_for_pid: 314135
    thread_create: 0
    thread_set_state: 0

VM Region Summary:
ReadOnly portion of Libraries: Total=360.0M resident=0K(0%) swapped_out_or_unallocated=360.0M(100%)
Writable regions: Total=217.2M written=0K(0%) resident=0K(0%) swapped_out=0K(0%) unallocated=217.2M(100%)
 
                                VIRTUAL   REGION 
REGION TYPE                        SIZE    COUNT (non-coalesced) 
===========                     =======  ======= 
Accelerate framework               640K        6 
Activity Tracing                   256K        2 
CG backing stores                 7012K        6 
CG image                           960K       23 
CG raster data                      24K        4 
CoreAnimation                     1724K       36 
CoreGraphics                         8K        2 
CoreImage                           96K       20 
CoreUI image data                 5796K       43 
CoreUI image file                  232K        8 
Foundation                          24K        3 
Image IO                          18.6M       12 
Kernel Alloc Once                    8K        2 
MALLOC                           171.7M       48 
MALLOC guard page                   48K       13 
Memory Tag 242                      12K        2 
Memory Tag 251                      24K        2 
STACK GUARD                       56.0M        9 
Stack                             11.6M        9 
VM_ALLOCATE                        160K       19 
__DATA                            25.4M      281 
__FONT_DATA                          4K        2 
__LINKEDIT                       192.7M       14 
__TEXT                           167.3M      282 
__UNICODE                          560K        2 
mapped file                       73.3M       82 
shared memory                     3004K       13 
===========                     =======  ======= 
TOTAL                            736.8M      918 

Model: MacBook9,1, BootROM MB91.0166.B00, 2 processors, Intel Core m5, 1.2 GHz, 8 GB, SMC 2.35f105
Graphics: Intel HD Graphics 515, Intel HD Graphics 515, Built-In
Memory Module: BANK 0/DIMM0, 4 GB, LPDDR3, 1867 MHz, 0x80CE, 0x4B33514634463430424D2D41474346202020
Memory Module: BANK 1/DIMM0, 4 GB, LPDDR3, 1867 MHz, 0x80CE, 0x4B33514634463430424D2D41474346202020
AirPort: spairport_wireless_card_type_airport_extreme (0x14E4, 0x158), Broadcom BCM43xx 1.0 (7.77.37.29.1a7)
Bluetooth: Version 6.0.5f3, 3 services, 27 devices, 1 incoming serial ports
Network Service: utun3
Network Service: Wi-Fi, AirPort, en0
USB Device: USB 3.0 Bus
USB Device: USB3.0 Hub
USB Device: USB2.0 Hub
USB Device: USB-C Digital AV Multiport Adapter
Thunderbolt Bus: 


