Installer log.txt for X-Plane Installer 4.12r1 compiled on Feb 26 2019 14:08:28
Installer started on Sat Jul 18 22:20:32 2020

This log file is generated automatically by Laminar Research applications and contains diagnostics about your graphics hardware, installation, and any error conditions.
If you need to contact tech support or file a bug, please send us this file. NOTE: this file is rewritten every time you start ANY of your X-System applications.

macOS: Version 10.14.6 (Build 18G3020)
CPU type: Intel(R) Core(TM) i5-7267U CPU @ 3.10GHz CPU speed (mhz): 3100 Bus speed (mhz): 100 RAM (MB): 8192

X-System folder:'', case sensitive=0

-------------------------------------------------------------------
Application was launched with the following command line options...
	'-psn_0_9214153'
-------------------------------------------------------------------


OpenGL Vendor    : Intel Inc.
OpenGL Render    : Intel(R) Iris(TM) Plus Graphics 650
OpenGL Version   : 2.1 INTEL-12.10.16 (210/0)
OpenGL Extensions: GL_ARB_color_buffer_float GL_ARB_depth_buffer_float GL_ARB_depth_clamp GL_ARB_depth_texture GL_ARB_draw_buffers GL_ARB_draw_elements_base_vertex GL_ARB_draw_instanced GL_ARB_fragment_program GL_ARB_fragment_program_shadow GL_ARB_fragment_shader GL_ARB_framebuffer_object GL_ARB_framebuffer_sRGB GL_ARB_half_float_pixel GL_ARB_half_float_vertex GL_ARB_instanced_arrays GL_ARB_multisample GL_ARB_multitexture GL_ARB_occlusion_query GL_ARB_pixel_buffer_object GL_ARB_point_parameters GL_ARB_point_sprite GL_ARB_provoking_vertex GL_ARB_seamless_cube_map GL_ARB_shader_objects GL_ARB_shader_texture_lod GL_ARB_shading_language_100 GL_ARB_shadow GL_ARB_sync GL_ARB_texture_border_clamp GL_ARB_texture_compression GL_ARB_texture_compression_rgtc GL_ARB_texture_cube_map GL_ARB_texture_env_add GL_ARB_texture_env_combine GL_ARB_texture_env_crossbar GL_ARB_texture_env_dot3 GL_ARB_texture_float GL_ARB_texture_mirrored_repeat GL_ARB_texture_non_power_of_two GL_ARB_texture_rectangle GL_ARB_texture_rg GL_ARB_transpose_matrix GL_ARB_vertex_array_bgra GL_ARB_vertex_blend GL_ARB_vertex_buffer_object GL_ARB_vertex_program GL_ARB_vertex_shader GL_ARB_window_pos GL_EXT_abgr GL_EXT_bgra GL_EXT_blend_color GL_EXT_blend_equation_separate GL_EXT_blend_func_separate GL_EXT_blend_minmax GL_EXT_blend_subtract GL_EXT_clip_volume_hint GL_EXT_debug_label GL_EXT_debug_marker GL_EXT_draw_buffers2 GL_EXT_draw_range_elements GL_EXT_fog_coord GL_EXT_framebuffer_blit GL_EXT_framebuffer_multisample GL_EXT_framebuffer_multisample_blit_scaled GL_EXT_framebuffer_object GL_EXT_framebuffer_sRGB GL_EXT_geometry_shader4 GL_EXT_gpu_program_parameters GL_EXT_gpu_shader4 GL_EXT_multi_draw_arrays GL_EXT_packed_depth_stencil GL_EXT_packed_float GL_EXT_provoking_vertex GL_EXT_rescale_normal GL_EXT_secondary_color GL_EXT_separate_specular_color GL_EXT_shadow_funcs GL_EXT_stencil_two_side GL_EXT_stencil_wrap GL_EXT_texture_array GL_EXT_texture_compression_dxt1 GL_EXT_texture_compression_s3tc GL_EXT_texture_env_add GL_EXT_texture_filter_anisotropic GL_EXT_texture_integer GL_EXT_texture_lod_bias GL_EXT_texture_rectangle GL_EXT_texture_shared_exponent GL_EXT_texture_sRGB GL_EXT_texture_sRGB_decode GL_EXT_timer_query GL_EXT_transform_feedback GL_EXT_vertex_array_bgra GL_APPLE_aux_depth_stencil GL_APPLE_client_storage GL_APPLE_element_array GL_APPLE_fence GL_APPLE_float_pixels GL_APPLE_flush_buffer_range GL_APPLE_flush_render GL_APPLE_object_purgeable GL_APPLE_packed_pixels GL_APPLE_pixel_buffer GL_APPLE_rgb_422 GL_APPLE_row_bytes GL_APPLE_specular_vector GL_APPLE_texture_range GL_APPLE_transform_hint GL_APPLE_vertex_array_object GL_APPLE_vertex_array_range GL_APPLE_vertex_point_size GL_APPLE_vertex_program_evaluators GL_APPLE_ycbcr_422 GL_ATI_separate_stencil GL_ATI_texture_env_combine3 GL_ATI_texture_float GL_ATI_texture_mirror_once GL_IBM_rasterpos_clip GL_NV_blend_square GL_NV_conditional_render GL_NV_depth_clamp GL_NV_fog_distance GL_NV_light_max_exponent GL_NV_texgen_reflection GL_NV_texture_barrier GL_SGIS_generate_mipmap GL_SGIS_texture_edge_clamp GL_SGIS_texture_lod 

threaded_avail   : 0	aniso_avail      : 1	timer_avail      : 1	sync/fence       : 1
pbo_avail        : 1	frameblit_avail  : 1	framebuffer_msaa : 1
gpu_shad4_avail  : 1	shad_lod_avail   : 1	array_tex_avail  : 1	texture_rg       : 1
tex_float_avail  : 1	seamless_avail   : 1	drawbuf2_avail   : 1	packed_stencil   : 1
framebuffer_srgb : 1	copy_buf_avail   : 0	ubo_avail        : 0	gshader_avail    : 0
base_vert_avail  : 1	tex_multi_avail  : 0	depth_float_avail: 1
instance_avail   : 1	tess_avail       : 0	viewport_arr     : 0	tex_storage      : 0
buf_storage      : 0	multi_bind       : 0	clip_control     : 0	program binary   : 0
debug_avail      : 0
max tex units    : 8 (16/8)
max iso filtering: 16.000000
max samples      : 16
max texture size : 16384 (hardware limit)
max point size   : 255.875000
idx in vram      : 1
GLSL Version     :1.20/120
(16/4096/60/16/16/4096/4096/0)
This video card is: DX10 or 11 - With instancing
WARNING: we are missing the texture: RESOURCE:checkerboard.png.
CPU count        : 4
os_dir_this_app		=/private/var/folders/q8/2_q_n06j7zg28cr_dzdjdv140000gn/T/AppTranslocation/CBCE274B-887B-42ED-B4D6-DC9F2CE4403C/d/
os_dir_desktop		=/Users/legituser/Desktop/
os_dir_default_apps	=/Users/legituser/Desktop/
os_dir_temp			=/var/folders/q8/2_q_n06j7zg28cr_dzdjdv140000gn/T/
os_dir_prefs			=/Users/legituser/Library/Preferences/

0:00:00.020 D/WIZ: Starting installer... opening wizard step "Main Menu - No Existing Installation"
0:00:03.413 D/WIZ: Advancing from wizard step "Welcome" to "License"
0:00:05.932 D/WIZ: Advancing from wizard step "License" to "Check Servers"
0:00:09.804 D/WIZ: Advancing from wizard step "Check Servers" to "Pick Destination"
0:00:09.835 I/DST: Set installation destination to /Users/legituser/Desktop/X-Plane 11/
0:00:17.029 I/DST: Set installation destination to /Applications/X-Plane 11/
0:00:29.768 I/DST: Set installation destination to /Users/legituser/Applications/X-Plane 11/
0:00:34.110 I/DST: Beginning installation to /Users/legituser/Applications/X-Plane 11/
0:00:34.110 D/WIZ: Advancing from wizard step "Pick Destination" to "Install"
0:43:42.585 D/WIZ: Advancing from wizard step "Install" to "Finish"
Clean exit from threads.
